Determining if the Q_WS_WIN exist failed with the following output:
Change Dir: /home/freinque/Dropbox/arst_neio/arst_neio_ng/build/CMakeFiles/CMakeTmp

Run Build Command:/usr/bin/make "cmTryCompileExec3936736627/fast"
make[2]: Entering directory `/home/freinque/Dropbox/arst_neio/arst_neio_ng/build/CMakeFiles/CMakeTmp'
/usr/bin/make -f CMakeFiles/cmTryCompileExec3936736627.dir/build.make CMakeFiles/cmTryCompileExec3936736627.dir/build
make[3]: Entering directory `/home/freinque/Dropbox/arst_neio/arst_neio_ng/build/CMakeFiles/CMakeTmp'
/usr/bin/cmake -E cmake_progress_report /home/freinque/Dropbox/arst_neio/arst_neio_ng/build/CMakeFiles/CMakeTmp/CMakeFiles 1
Building CXX object CMakeFiles/cmTryCompileExec3936736627.dir/CheckSymbolExists.cxx.o
/usr/bin/c++    -std=c++11 -I/usr/include/   -I/usr/include/qt4    -o CMakeFiles/cmTryCompileExec3936736627.dir/CheckSymbolExists.cxx.o -c /home/freinque/Dropbox/arst_neio/arst_neio_ng/build/CMakeFiles/CMakeTmp/CheckSymbolExists.cxx
/home/freinque/Dropbox/arst_neio/arst_neio_ng/build/CMakeFiles/CMakeTmp/CheckSymbolExists.cxx: In function ‘int main(int, char**)’:
/home/freinque/Dropbox/arst_neio/arst_neio_ng/build/CMakeFiles/CMakeTmp/CheckSymbolExists.cxx:8:19: error: ‘Q_WS_WIN’ was not declared in this scope
make[3]: *** [CMakeFiles/cmTryCompileExec3936736627.dir/CheckSymbolExists.cxx.o] Error 1
make[3]: Leaving directory `/home/freinque/Dropbox/arst_neio/arst_neio_ng/build/CMakeFiles/CMakeTmp'
make[2]: *** [cmTryCompileExec3936736627/fast] Error 2
make[2]: Leaving directory `/home/freinque/Dropbox/arst_neio/arst_neio_ng/build/CMakeFiles/CMakeTmp'

File /home/freinque/Dropbox/arst_neio/arst_neio_ng/build/CMakeFiles/CMakeTmp/CheckSymbolExists.cxx:
/* */
#include <QtCore/qglobal.h>

int main(int argc, char** argv)
{
  (void)argv;
#ifndef Q_WS_WIN
  return ((int*)(&Q_WS_WIN))[argc];
#else
  (void)argc;
  return 0;
#endif
}

Determining if the Q_WS_QWS exist failed with the following output:
Change Dir: /home/freinque/Dropbox/arst_neio/arst_neio_ng/build/CMakeFiles/CMakeTmp

Run Build Command:/usr/bin/make "cmTryCompileExec913296969/fast"
make[2]: Entering directory `/home/freinque/Dropbox/arst_neio/arst_neio_ng/build/CMakeFiles/CMakeTmp'
/usr/bin/make -f CMakeFiles/cmTryCompileExec913296969.dir/build.make CMakeFiles/cmTryCompileExec913296969.dir/build
make[3]: Entering directory `/home/freinque/Dropbox/arst_neio/arst_neio_ng/build/CMakeFiles/CMakeTmp'
/usr/bin/cmake -E cmake_progress_report /home/freinque/Dropbox/arst_neio/arst_neio_ng/build/CMakeFiles/CMakeTmp/CMakeFiles 1
Building CXX object CMakeFiles/cmTryCompileExec913296969.dir/CheckSymbolExists.cxx.o
/usr/bin/c++    -std=c++11 -I/usr/include/   -I/usr/include/qt4    -o CMakeFiles/cmTryCompileExec913296969.dir/CheckSymbolExists.cxx.o -c /home/freinque/Dropbox/arst_neio/arst_neio_ng/build/CMakeFiles/CMakeTmp/CheckSymbolExists.cxx
/home/freinque/Dropbox/arst_neio/arst_neio_ng/build/CMakeFiles/CMakeTmp/CheckSymbolExists.cxx: In function ‘int main(int, char**)’:
/home/freinque/Dropbox/arst_neio/arst_neio_ng/build/CMakeFiles/CMakeTmp/CheckSymbolExists.cxx:8:19: error: ‘Q_WS_QWS’ was not declared in this scope
make[3]: *** [CMakeFiles/cmTryCompileExec913296969.dir/CheckSymbolExists.cxx.o] Error 1
make[3]: Leaving directory `/home/freinque/Dropbox/arst_neio/arst_neio_ng/build/CMakeFiles/CMakeTmp'
make[2]: *** [cmTryCompileExec913296969/fast] Error 2
make[2]: Leaving directory `/home/freinque/Dropbox/arst_neio/arst_neio_ng/build/CMakeFiles/CMakeTmp'

File /home/freinque/Dropbox/arst_neio/arst_neio_ng/build/CMakeFiles/CMakeTmp/CheckSymbolExists.cxx:
/* */
#include <QtCore/qglobal.h>

int main(int argc, char** argv)
{
  (void)argv;
#ifndef Q_WS_QWS
  return ((int*)(&Q_WS_QWS))[argc];
#else
  (void)argc;
  return 0;
#endif
}

Determining if the Q_WS_MAC exist failed with the following output:
Change Dir: /home/freinque/Dropbox/arst_neio/arst_neio_ng/build/CMakeFiles/CMakeTmp

Run Build Command:/usr/bin/make "cmTryCompileExec409243309/fast"
make[2]: Entering directory `/home/freinque/Dropbox/arst_neio/arst_neio_ng/build/CMakeFiles/CMakeTmp'
/usr/bin/make -f CMakeFiles/cmTryCompileExec409243309.dir/build.make CMakeFiles/cmTryCompileExec409243309.dir/build
make[3]: Entering directory `/home/freinque/Dropbox/arst_neio/arst_neio_ng/build/CMakeFiles/CMakeTmp'
/usr/bin/cmake -E cmake_progress_report /home/freinque/Dropbox/arst_neio/arst_neio_ng/build/CMakeFiles/CMakeTmp/CMakeFiles 1
Building CXX object CMakeFiles/cmTryCompileExec409243309.dir/CheckSymbolExists.cxx.o
/usr/bin/c++    -std=c++11 -I/usr/include/   -I/usr/include/qt4    -o CMakeFiles/cmTryCompileExec409243309.dir/CheckSymbolExists.cxx.o -c /home/freinque/Dropbox/arst_neio/arst_neio_ng/build/CMakeFiles/CMakeTmp/CheckSymbolExists.cxx
/home/freinque/Dropbox/arst_neio/arst_neio_ng/build/CMakeFiles/CMakeTmp/CheckSymbolExists.cxx: In function ‘int main(int, char**)’:
/home/freinque/Dropbox/arst_neio/arst_neio_ng/build/CMakeFiles/CMakeTmp/CheckSymbolExists.cxx:8:19: error: ‘Q_WS_MAC’ was not declared in this scope
make[3]: *** [CMakeFiles/cmTryCompileExec409243309.dir/CheckSymbolExists.cxx.o] Error 1
make[3]: Leaving directory `/home/freinque/Dropbox/arst_neio/arst_neio_ng/build/CMakeFiles/CMakeTmp'
make[2]: *** [cmTryCompileExec409243309/fast] Error 2
make[2]: Leaving directory `/home/freinque/Dropbox/arst_neio/arst_neio_ng/build/CMakeFiles/CMakeTmp'

File /home/freinque/Dropbox/arst_neio/arst_neio_ng/build/CMakeFiles/CMakeTmp/CheckSymbolExists.cxx:
/* */
#include <QtCore/qglobal.h>

int main(int argc, char** argv)
{
  (void)argv;
#ifndef Q_WS_MAC
  return ((int*)(&Q_WS_MAC))[argc];
#else
  (void)argc;
  return 0;
#endif
}

